Added Component: Designator=J?(sip-3)
Added Component: Designator=J?(sip-2)
Added Component: Designator=J?(sip-3)
Added Component: Designator=J?(sip-3)
Added Component: Designator=J?(sip-3)
Added Component: Designator=JP?(IDC-6)
Added Component: Designator=JP?(IDC-6)
Added Component: Designator=U?(MiniMP3模块)
Added Component: Designator=U?(VCCIN)
Added Component: Designator=U?(LM2596模块)
Added Component: Designator=U?(DIP-40)
Added Component: Designator=WIFI模块(IDC8)
Added Pin To Net: NetName=3V3 Pin=JP?-1
Added Pin To Net: NetName=3V3 Pin=JP?-3
Added Pin To Net: NetName=3V3 Pin=JP?-5
Added Pin To Net: NetName=3V3 Pin=WIFI模块-7
Added Net: Name=3V3
Added Pin To Net: NetName=5V Pin=U?-4
Added Pin To Net: NetName=5V Pin=U?-18
Added Net: Name=5V
Added Pin To Net: NetName=12V Pin=J?-1
Added Pin To Net: NetName=12V Pin=J?-2
Added Pin To Net: NetName=12V Pin=J?-2
Added Pin To Net: NetName=12V Pin=J?-2
Added Pin To Net: NetName=12V Pin=J?-2
Added Pin To Net: NetName=12V Pin=JP?-2
Added Pin To Net: NetName=12V Pin=JP?-4
Added Pin To Net: NetName=12V Pin=U?-1
Added Pin To Net: NetName=12V Pin=U?-2
Added Net: Name=12V
Added Pin To Net: NetName=EN Pin=WIFI模块-3
Added Net: Name=EN
Added Pin To Net: NetName=GND Pin=J?-1
Added Pin To Net: NetName=GND Pin=J?-1
Added Pin To Net: NetName=GND Pin=J?-1
Added Pin To Net: NetName=GND Pin=J?-1
Added Pin To Net: NetName=GND Pin=J?-2
Added Pin To Net: NetName=GND Pin=JP?-1
Added Pin To Net: NetName=GND Pin=JP?-2
Added Pin To Net: NetName=GND Pin=JP?-3
Added Pin To Net: NetName=GND Pin=JP?-4
Added Pin To Net: NetName=GND Pin=JP?-6
Added Pin To Net: NetName=GND Pin=U?-2
Added Pin To Net: NetName=GND Pin=U?-1
Added Pin To Net: NetName=GND Pin=U?-3
Added Pin To Net: NetName=GND Pin=U?-3
Added Pin To Net: NetName=GND Pin=WIFI模块-2
Added Net: Name=GND
Added Pin To Net: NetName=IO0 Pin=WIFI模块-6
Added Net: Name=IO0
Added Pin To Net: NetName=IO2 Pin=WIFI模块-4
Added Net: Name=IO2
Added Pin To Net: NetName=RELAY1 Pin=J?-3
Added Net: Name=RELAY1
Added Pin To Net: NetName=RELAY2 Pin=J?-3
Added Net: Name=RELAY2
Added Pin To Net: NetName=RELAY3 Pin=J?-3
Added Net: Name=RELAY3
Added Pin To Net: NetName=RELAY4 Pin=J?-3
Added Net: Name=RELAY4
Added Pin To Net: NetName=RST Pin=WIFI模块-5
Added Net: Name=RST
Added Pin To Net: NetName=WIFI_RX Pin=WIFI模块-8
Added Net: Name=WIFI_RX
Added Pin To Net: NetName=WIFI_TX Pin=WIFI模块-1
Added Net: Name=WIFI_TX
Added Member To Class: ClassName=PCB Member=Component J? CON3
Added Member To Class: ClassName=PCB Member=Component J? CON2
Added Member To Class: ClassName=PCB Member=Component J? CON3
Added Member To Class: ClassName=PCB Member=Component J? CON3
Added Member To Class: ClassName=PCB Member=Component J? CON3
Added Member To Class: ClassName=PCB Member=Component JP? HEADER 3X2
Added Member To Class: ClassName=PCB Member=Component JP? HEADER 3X2
Added Member To Class: ClassName=PCB Member=Component U? MiniMP3-16P模块
Added Member To Class: ClassName=PCB Member=Component U? VCCIN
Added Member To Class: ClassName=PCB Member=Component U? LM2596模块
Added Member To Class: ClassName=PCB Member=Component U? stm32c8t6
Added Member To Class: ClassName=PCB Member=Component WIFI模块 HEADER 4X2
Added Room: Name=PCB
