Removed Pin From Net: NetName=RELAY1 Pin=J7-5
Removed Pin From Net: NetName=RELAY2 Pin=J7-6
Removed Pin From Net: NetName=RELAY3 Pin=J7-7
Removed Pin From Net: NetName=RELAY4 Pin=J7-8
Removed Pin From Net: NetName=RELAY4 Pin=U4-13
Removed Pin From Net: NetName=RELAY3 Pin=U4-14
Removed Pin From Net: NetName=RELAY2 Pin=U4-15
Removed Pin From Net: NetName=RELAY1 Pin=U4-16
Added Pin To Net: NetName=RELAY4 Pin=J7-17
Added Pin To Net: NetName=RELAY3 Pin=J7-18
Added Pin To Net: NetName=RELAY2 Pin=J7-19
Added Pin To Net: NetName=RELAY1 Pin=J7-20
Added Pin To Net: NetName=RELAY1 Pin=U4-1
Added Pin To Net: NetName=RELAY2 Pin=U4-2
Added Pin To Net: NetName=RELAY3 Pin=U4-3
Added Pin To Net: NetName=RELAY4 Pin=U4-4
Added Pin To Net: NetName=NetJ7_5 Pin=J7-5
Added Pin To Net: NetName=NetJ7_5 Pin=U4-16
Added Net: Name=NetJ7_5
Added Pin To Net: NetName=NetJ7_6 Pin=J7-6
Added Pin To Net: NetName=NetJ7_6 Pin=U4-15
Added Net: Name=NetJ7_6
Added Pin To Net: NetName=NetJ7_7 Pin=J7-7
Added Pin To Net: NetName=NetJ7_7 Pin=U4-14
Added Net: Name=NetJ7_7
Added Pin To Net: NetName=NetJ7_8 Pin=J7-8
Added Pin To Net: NetName=NetJ7_8 Pin=U4-13
Added Net: Name=NetJ7_8
