Removed Pin From Net: NetName=3V3 Pin=JP1-1
Removed Pin From Net: NetName=GND Pin=JP1-2
Removed Pin From Net: NetName=3V3 Pin=JP1-3
Removed Pin From Net: NetName=GND Pin=JP1-4
Removed Pin From Net: NetName=3V3 Pin=JP1-5
Removed Pin From Net: NetName=GND Pin=JP1-6
Removed Pin From Net: NetName=GND Pin=JP2-1
Removed Pin From Net: NetName=12V Pin=JP2-2
Removed Pin From Net: NetName=GND Pin=JP2-3
Removed Pin From Net: NetName=12V Pin=JP2-4
Removed Member From Class: ClassName=PCB Member=JP1
Removed Member From Class: ClassName=PCB Member=JP2
Added Component: Designator=J?(sip-2)
Added Component: Designator=J?(sip-3)
Added Component: Designator=JP?(IDC-10)
Added Component: Designator=JP?(IDC-10)
Added Component: Designator=JP?(IDC-10)
Added Pin To Net: NetName=GND Pin=J?-3
Added Pin To Net: NetName=3V3 Pin=JP?-1
Added Pin To Net: NetName=GND Pin=JP?-1
Added Pin To Net: NetName=GND Pin=JP?-1
Added Pin To Net: NetName=5V Pin=JP?-2
Added Pin To Net: NetName=12V Pin=JP?-2
Added Pin To Net: NetName=GND Pin=JP?-2
Added Pin To Net: NetName=3V3 Pin=JP?-3
Added Pin To Net: NetName=GND Pin=JP?-3
Added Pin To Net: NetName=GND Pin=JP?-3
Added Pin To Net: NetName=5V Pin=JP?-4
Added Pin To Net: NetName=12V Pin=JP?-4
Added Pin To Net: NetName=GND Pin=JP?-4
Added Pin To Net: NetName=3V3 Pin=JP?-5
Added Pin To Net: NetName=GND Pin=JP?-5
Added Pin To Net: NetName=GND Pin=JP?-5
Added Pin To Net: NetName=5V Pin=JP?-6
Added Pin To Net: NetName=12V Pin=JP?-6
Added Pin To Net: NetName=GND Pin=JP?-6
Added Pin To Net: NetName=3V3 Pin=JP?-7
Added Pin To Net: NetName=GND Pin=JP?-7
Added Pin To Net: NetName=GND Pin=JP?-7
Added Pin To Net: NetName=5V Pin=JP?-8
Added Pin To Net: NetName=12V Pin=JP?-8
Added Pin To Net: NetName=GND Pin=JP?-8
Added Pin To Net: NetName=3V3 Pin=JP?-9
Added Pin To Net: NetName=GND Pin=JP?-9
Added Pin To Net: NetName=GND Pin=JP?-9
Added Pin To Net: NetName=5V Pin=JP?-10
Added Pin To Net: NetName=12V Pin=JP?-10
Added Pin To Net: NetName=GND Pin=JP?-10
Added Pin To Net: NetName=5V Pin=U3-1
Added Pin To Net: NetName=GND Pin=U3-7
Added Pin To Net: NetName=GND Pin=U3-10
Added Pin To Net: NetName=NetJ?_1 Pin=J?-1
Added Pin To Net: NetName=NetJ?_1 Pin=U3-6
Added Net: Name=NetJ?_1
Added Pin To Net: NetName=NetJ?_2 Pin=J?-2
Added Pin To Net: NetName=NetJ?_2 Pin=U3-8
Added Net: Name=NetJ?_2
Added Pin To Net: NetName=U1RX Pin=J7-14
Added Pin To Net: NetName=U1RX Pin=J?-2
Added Pin To Net: NetName=U1RX Pin=U4-7
Added Net: Name=U1RX
Added Pin To Net: NetName=U1TX Pin=J7-15
Added Pin To Net: NetName=U1TX Pin=J?-1
Added Pin To Net: NetName=U1TX Pin=U4-6
Added Net: Name=U1TX
Added Pin To Net: NetName=U2RX Pin=J6-8
Added Pin To Net: NetName=U2RX Pin=U3-3
Added Pin To Net: NetName=U2RX Pin=U4-28
Added Net: Name=U2RX
Added Pin To Net: NetName=U2TX Pin=J6-7
Added Pin To Net: NetName=U2TX Pin=U3-2
Added Pin To Net: NetName=U2TX Pin=U4-27
Added Net: Name=U2TX
Added Member To Class: ClassName=PCB Member=Component J? CON2
Added Member To Class: ClassName=PCB Member=Component J? CON3
Added Member To Class: ClassName=PCB Member=Component JP? HEADER 5X2
Added Member To Class: ClassName=PCB Member=Component JP? HEADER 5X2
Added Member To Class: ClassName=PCB Member=Component JP? HEADER 5X2
