Change Component Designator: OldDesignator=J? NewDesignator=J1
Change Component Designator: OldDesignator=J? NewDesignator=J2
Change Component Designator: OldDesignator=J? NewDesignator=J3
Change Component Designator: OldDesignator=J? NewDesignator=J4
Change Component Designator: OldDesignator=J? NewDesignator=J5
Change Component Designator: OldDesignator=JP? NewDesignator=JP1
Change Component Designator: OldDesignator=JP? NewDesignator=JP2
Change Component Designator: OldDesignator=U? NewDesignator=U1
Change Component Designator: OldDesignator=U? NewDesignator=U2
Change Component Designator: OldDesignator=U? NewDesignator=U3
Change Component Designator: OldDesignator=U? NewDesignator=U4
Change Component Designator: OldDesignator=WIFI NewDesignator=WIFIÄ£¿é
Added Component: Designator=J6(sip-20)
Added Component: Designator=J7(sip-20)
Added Pin To Net: NetName=WIFI_RX Pin=J6-15
Added Pin To Net: NetName=WIFI_TX Pin=J6-16
Added Pin To Net: NetName=5V Pin=J7-3
Added Pin To Net: NetName=WIFI_RX Pin=U4-35
Added Pin To Net: NetName=WIFI_TX Pin=U4-36
Added Pin To Net: NetName=NetJ6_1 Pin=J6-1
Added Pin To Net: NetName=NetJ6_1 Pin=U4-21
Added Net: Name=NetJ6_1
Added Pin To Net: NetName=NetJ6_2 Pin=J6-2
Added Pin To Net: NetName=NetJ6_2 Pin=U4-22
Added Net: Name=NetJ6_2
Added Pin To Net: NetName=NetJ6_3 Pin=J6-3
Added Pin To Net: NetName=NetJ6_3 Pin=U4-23
Added Net: Name=NetJ6_3
Added Pin To Net: NetName=NetJ6_4 Pin=J6-4
Added Pin To Net: NetName=NetJ6_4 Pin=U4-24
Added Net: Name=NetJ6_4
Added Pin To Net: NetName=NetJ6_5 Pin=J6-5
Added Pin To Net: NetName=NetJ6_5 Pin=U4-25
Added Net: Name=NetJ6_5
Added Pin To Net: NetName=NetJ6_6 Pin=J6-6
Added Pin To Net: NetName=NetJ6_6 Pin=U4-26
Added Net: Name=NetJ6_6
Added Pin To Net: NetName=NetJ6_7 Pin=J6-7
Added Pin To Net: NetName=NetJ6_7 Pin=U4-27
Added Net: Name=NetJ6_7
Added Pin To Net: NetName=NetJ6_8 Pin=J6-8
Added Pin To Net: NetName=NetJ6_8 Pin=U4-28
Added Net: Name=NetJ6_8
Added Pin To Net: NetName=NetJ6_9 Pin=J6-9
Added Pin To Net: NetName=NetJ6_9 Pin=U4-29
Added Net: Name=NetJ6_9
Added Pin To Net: NetName=NetJ6_10 Pin=J6-10
Added Pin To Net: NetName=NetJ6_10 Pin=U4-30
Added Net: Name=NetJ6_10
Added Pin To Net: NetName=NetJ6_11 Pin=J6-11
Added Pin To Net: NetName=NetJ6_11 Pin=U4-31
Added Net: Name=NetJ6_11
Added Pin To Net: NetName=NetJ6_12 Pin=J6-12
Added Pin To Net: NetName=NetJ6_12 Pin=U4-32
Added Net: Name=NetJ6_12
Added Pin To Net: NetName=NetJ6_13 Pin=J6-13
Added Pin To Net: NetName=NetJ6_13 Pin=U4-33
Added Net: Name=NetJ6_13
Added Pin To Net: NetName=NetJ6_14 Pin=J6-14
Added Pin To Net: NetName=NetJ6_14 Pin=U4-34
Added Net: Name=NetJ6_14
Added Pin To Net: NetName=NetJ6_17 Pin=J6-17
Added Pin To Net: NetName=NetJ6_17 Pin=U4-37
Added Net: Name=NetJ6_17
Added Pin To Net: NetName=NetJ6_18 Pin=J6-18
Added Pin To Net: NetName=NetJ6_18 Pin=U4-38
Added Net: Name=NetJ6_18
Added Pin To Net: NetName=NetJ6_19 Pin=J6-19
Added Pin To Net: NetName=NetJ6_19 Pin=U4-39
Added Net: Name=NetJ6_19
Added Pin To Net: NetName=NetJ6_20 Pin=J6-20
Added Pin To Net: NetName=NetJ6_20 Pin=U4-40
Added Net: Name=NetJ6_20
Added Pin To Net: NetName=NetJ7_1 Pin=J7-1
Added Pin To Net: NetName=NetJ7_1 Pin=U4-20
Added Net: Name=NetJ7_1
Added Pin To Net: NetName=NetJ7_2 Pin=J7-2
Added Pin To Net: NetName=NetJ7_2 Pin=U4-19
Added Net: Name=NetJ7_2
Added Pin To Net: NetName=NetJ7_4 Pin=J7-4
Added Pin To Net: NetName=NetJ7_4 Pin=U4-17
Added Net: Name=NetJ7_4
Added Pin To Net: NetName=NetJ7_5 Pin=J7-5
Added Pin To Net: NetName=NetJ7_5 Pin=U4-16
Added Net: Name=NetJ7_5
Added Pin To Net: NetName=NetJ7_6 Pin=J7-6
Added Pin To Net: NetName=NetJ7_6 Pin=U4-15
Added Net: Name=NetJ7_6
Added Pin To Net: NetName=NetJ7_7 Pin=J7-7
Added Pin To Net: NetName=NetJ7_7 Pin=U4-14
Added Net: Name=NetJ7_7
Added Pin To Net: NetName=NetJ7_8 Pin=J7-8
Added Pin To Net: NetName=NetJ7_8 Pin=U4-13
Added Net: Name=NetJ7_8
Added Pin To Net: NetName=NetJ7_9 Pin=J7-9
Added Pin To Net: NetName=NetJ7_9 Pin=U4-12
Added Net: Name=NetJ7_9
Added Pin To Net: NetName=NetJ7_10 Pin=J7-10
Added Pin To Net: NetName=NetJ7_10 Pin=U4-11
Added Net: Name=NetJ7_10
Added Pin To Net: NetName=NetJ7_11 Pin=J7-11
Added Pin To Net: NetName=NetJ7_11 Pin=U4-10
Added Net: Name=NetJ7_11
Added Pin To Net: NetName=NetJ7_12 Pin=J7-12
Added Pin To Net: NetName=NetJ7_12 Pin=U4-9
Added Net: Name=NetJ7_12
Added Pin To Net: NetName=NetJ7_13 Pin=J7-13
Added Pin To Net: NetName=NetJ7_13 Pin=U4-8
Added Net: Name=NetJ7_13
Added Pin To Net: NetName=NetJ7_14 Pin=J7-14
Added Pin To Net: NetName=NetJ7_14 Pin=U4-7
Added Net: Name=NetJ7_14
Added Pin To Net: NetName=NetJ7_15 Pin=J7-15
Added Pin To Net: NetName=NetJ7_15 Pin=U4-6
Added Net: Name=NetJ7_15
Added Pin To Net: NetName=NetJ7_16 Pin=J7-16
Added Pin To Net: NetName=NetJ7_16 Pin=U4-5
Added Net: Name=NetJ7_16
Added Pin To Net: NetName=NetJ7_17 Pin=J7-17
Added Pin To Net: NetName=NetJ7_17 Pin=U4-4
Added Net: Name=NetJ7_17
Added Pin To Net: NetName=NetJ7_18 Pin=J7-18
Added Pin To Net: NetName=NetJ7_18 Pin=U4-3
Added Net: Name=NetJ7_18
Added Pin To Net: NetName=NetJ7_19 Pin=J7-19
Added Pin To Net: NetName=NetJ7_19 Pin=U4-2
Added Net: Name=NetJ7_19
Added Pin To Net: NetName=NetJ7_20 Pin=J7-20
Added Pin To Net: NetName=NetJ7_20 Pin=U4-1
Added Net: Name=NetJ7_20
Added Member To Class: ClassName=PCB Member=Component J1 CON2
Added Member To Class: ClassName=PCB Member=Component J3 CON3
Added Member To Class: ClassName=PCB Member=Component J4 CON3
Added Member To Class: ClassName=PCB Member=Component J5 CON3
Added Member To Class: ClassName=PCB Member=Component J6 CON20
Added Member To Class: ClassName=PCB Member=Component J7 CON20
Added Member To Class: ClassName=PCB Member=Component JP2 HEADER 3X2
Added Member To Class: ClassName=PCB Member=Component U1 VCCIN
Added Member To Class: ClassName=PCB Member=Component U2 LM2596Ä£¿é
Added Member To Class: ClassName=PCB Member=Component U4 stm32c8t6
